<?xml version="1.0" encoding="UTF-8"?>
<coverage generated="1554718258480" clover="3.2.0">
  <project timestamp="1554718258480" name="All files">
    <metrics statements="13" coveredstatements="11" conditionals="8" coveredconditionals="6" methods="6" coveredmethods="6" elements="27" coveredelements="23" complexity="0" loc="13" ncloc="13" packages="1" files="1" classes="1"/>
    <file name="helpers.js" path="/Users/ivanahuckova/Documents/LambdaClasses/testing/helpers/helpers.js">
      <metrics statements="13" coveredstatements="11" conditionals="8" coveredconditionals="6" methods="6" coveredmethods="6"/>
      <line num="1" count="1" type="stmt"/>
      <line num="8" count="2" type="stmt"/>
      <line num="9" count="2" type="cond" truecount="2" falsecount="0"/>
      <line num="10" count="1" type="stmt"/>
      <line num="12" count="1" type="stmt"/>
      <line num="18" count="2" type="stmt"/>
      <line num="23" count="1" type="cond" truecount="1" falsecount="1"/>
      <line num="24" count="0" type="stmt"/>
      <line num="26" count="1" type="cond" truecount="3" falsecount="1"/>
      <line num="27" count="0" type="stmt"/>
      <line num="38" count="1" type="stmt"/>
      <line num="46" count="1" type="stmt"/>
      <line num="49" count="1" type="stmt"/>
    </file>
  </project>
</coverage>
