TN:
SF:/Users/ivanahuckova/Documents/LambdaClasses/testing/helpers/helpers.js
FN:7,returnsPromise
FN:8,(anonymous_1)
FN:17,sum
FN:18,(anonymous_3)
FN:22,makeUser
FN:45,callWithDelay
FNF:6
FNH:6
FNDA:2,returnsPromise
FNDA:2,(anonymous_1)
FNDA:1,sum
FNDA:2,(anonymous_3)
FNDA:1,makeUser
FNDA:1,callWithDelay
DA:1,1
DA:8,2
DA:9,2
DA:10,1
DA:12,1
DA:18,2
DA:23,1
DA:24,0
DA:26,1
DA:27,0
DA:38,1
DA:46,1
DA:49,1
LF:13
LH:11
BRDA:9,0,0,1
BRDA:9,0,1,1
BRDA:23,1,0,0
BRDA:23,1,1,1
BRDA:26,2,0,0
BRDA:26,2,1,1
BRDA:26,3,0,1
BRDA:26,3,1,1
BRF:8
BRH:6
end_of_record
